{"/Users/mix/Projects/js8call.sa6ham.se/src/App.jsx": {"path":"/Users/mix/Projects/js8call.sa6ham.se/src/App.jsx","all":false,"statementMap":{"0":{"start":{"line":1,"column":0},"end":{"line":1,"column":25}},"1":{"start":{"line":2,"column":0},"end":{"line":2,"column":72}},"2":{"start":{"line":3,"column":0},"end":{"line":3,"column":18}},"5":{"start":{"line":6,"column":0},"end":{"line":6,"column":39}},"6":{"start":{"line":7,"column":0},"end":{"line":7,"column":44}},"7":{"start":{"line":8,"column":0},"end":{"line":8,"column":33}},"8":{"start":{"line":9,"column":0},"end":{"line":9,"column":30}},"9":{"start":{"line":10,"column":0},"end":{"line":10,"column":14}},"10":{"start":{"line":11,"column":0},"end":{"line":11,"column":23}},"11":{"start":{"line":12,"column":0},"end":{"line":12,"column":36}},"12":{"start":{"line":13,"column":0},"end":{"line":13,"column":35}},"13":{"start":{"line":14,"column":0},"end":{"line":14,"column":21}},"14":{"start":{"line":15,"column":0},"end":{"line":15,"column":45}},"15":{"start":{"line":16,"column":0},"end":{"line":16,"column":44}},"16":{"start":{"line":17,"column":0},"end":{"line":17,"column":23}},"17":{"start":{"line":18,"column":0},"end":{"line":18,"column":7}},"18":{"start":{"line":19,"column":0},"end":{"line":19,"column":6}},"19":{"start":{"line":20,"column":0},"end":{"line":20,"column":40}},"20":{"start":{"line":21,"column":0},"end":{"line":21,"column":3}},"21":{"start":{"line":22,"column":0},"end":{"line":22,"column":26}},"22":{"start":{"line":23,"column":0},"end":{"line":23,"column":1}},"25":{"start":{"line":26,"column":0},"end":{"line":26,"column":102}},"28":{"start":{"line":29,"column":0},"end":{"line":29,"column":64}},"29":{"start":{"line":30,"column":0},"end":{"line":30,"column":49}},"30":{"start":{"line":31,"column":0},"end":{"line":31,"column":65}},"31":{"start":{"line":32,"column":0},"end":{"line":32,"column":64}},"32":{"start":{"line":33,"column":0},"end":{"line":33,"column":23}},"33":{"start":{"line":34,"column":0},"end":{"line":34,"column":45}},"34":{"start":{"line":35,"column":0},"end":{"line":35,"column":2}},"37":{"start":{"line":38,"column":0},"end":{"line":38,"column":33}},"38":{"start":{"line":39,"column":0},"end":{"line":39,"column":17}},"39":{"start":{"line":40,"column":0},"end":{"line":40,"column":24}},"40":{"start":{"line":41,"column":0},"end":{"line":41,"column":57}},"42":{"start":{"line":43,"column":0},"end":{"line":43,"column":32}},"43":{"start":{"line":44,"column":0},"end":{"line":44,"column":57}},"44":{"start":{"line":45,"column":0},"end":{"line":45,"column":12}},"45":{"start":{"line":46,"column":0},"end":{"line":46,"column":5}},"46":{"start":{"line":47,"column":0},"end":{"line":47,"column":22}},"47":{"start":{"line":48,"column":0},"end":{"line":48,"column":36}},"48":{"start":{"line":49,"column":0},"end":{"line":49,"column":50}},"49":{"start":{"line":50,"column":0},"end":{"line":50,"column":18}},"50":{"start":{"line":51,"column":0},"end":{"line":51,"column":54}},"51":{"start":{"line":52,"column":0},"end":{"line":52,"column":26}},"52":{"start":{"line":53,"column":0},"end":{"line":53,"column":7}},"53":{"start":{"line":54,"column":0},"end":{"line":54,"column":55}},"54":{"start":{"line":55,"column":0},"end":{"line":55,"column":29}},"55":{"start":{"line":56,"column":0},"end":{"line":56,"column":6}},"56":{"start":{"line":57,"column":0},"end":{"line":57,"column":4}},"57":{"start":{"line":58,"column":0},"end":{"line":58,"column":13}},"58":{"start":{"line":59,"column":0},"end":{"line":59,"column":1}},"59":{"start":{"line":60,"column":0},"end":{"line":60,"column":29}},"62":{"start":{"line":63,"column":0},"end":{"line":63,"column":33}},"63":{"start":{"line":64,"column":0},"end":{"line":64,"column":10}},"64":{"start":{"line":65,"column":0},"end":{"line":65,"column":25}},"65":{"start":{"line":66,"column":0},"end":{"line":66,"column":26}},"66":{"start":{"line":67,"column":0},"end":{"line":67,"column":28}},"67":{"start":{"line":68,"column":0},"end":{"line":68,"column":24}},"68":{"start":{"line":69,"column":0},"end":{"line":69,"column":68}},"70":{"start":{"line":71,"column":0},"end":{"line":71,"column":36}},"72":{"start":{"line":73,"column":0},"end":{"line":73,"column":70}},"73":{"start":{"line":74,"column":0},"end":{"line":74,"column":13}},"74":{"start":{"line":75,"column":0},"end":{"line":75,"column":9}},"75":{"start":{"line":76,"column":0},"end":{"line":76,"column":9}},"77":{"start":{"line":78,"column":0},"end":{"line":78,"column":1}},"79":{"start":{"line":80,"column":0},"end":{"line":80,"column":16}},"80":{"start":{"line":81,"column":0},"end":{"line":81,"column":10}},"81":{"start":{"line":82,"column":0},"end":{"line":82,"column":19}},"82":{"start":{"line":83,"column":0},"end":{"line":83,"column":11}},"83":{"start":{"line":84,"column":0},"end":{"line":84,"column":29}},"84":{"start":{"line":85,"column":0},"end":{"line":85,"column":12}},"85":{"start":{"line":86,"column":0},"end":{"line":86,"column":12}},"86":{"start":{"line":87,"column":0},"end":{"line":87,"column":16}},"87":{"start":{"line":88,"column":0},"end":{"line":88,"column":30}},"88":{"start":{"line":89,"column":0},"end":{"line":89,"column":123}},"89":{"start":{"line":90,"column":0},"end":{"line":90,"column":13}},"90":{"start":{"line":91,"column":0},"end":{"line":91,"column":62}},"91":{"start":{"line":92,"column":0},"end":{"line":92,"column":17}},"92":{"start":{"line":93,"column":0},"end":{"line":93,"column":13}},"93":{"start":{"line":94,"column":0},"end":{"line":94,"column":20}},"95":{"start":{"line":96,"column":0},"end":{"line":96,"column":1}},"97":{"start":{"line":98,"column":0},"end":{"line":98,"column":18}}},"s":{"0":1,"1":1,"2":1,"5":1,"6":3,"7":3,"8":3,"9":3,"10":3,"11":3,"12":4,"13":4,"14":4,"15":4,"16":4,"17":4,"18":3,"19":3,"20":3,"21":3,"22":3,"25":1,"28":1,"29":2,"30":2,"31":2,"32":2,"33":2,"34":2,"37":1,"38":2,"39":2,"40":5,"42":5,"43":2,"44":2,"45":2,"46":3,"47":3,"48":4,"49":4,"50":4,"51":4,"52":4,"53":4,"54":4,"55":3,"56":2,"57":2,"58":2,"59":1,"62":1,"63":1,"64":1,"65":1,"66":1,"67":1,"68":1,"70":0,"72":1,"73":1,"74":1,"75":1,"77":1,"79":0,"80":0,"81":0,"82":0,"83":0,"84":0,"85":0,"86":0,"87":0,"88":0,"89":0,"90":0,"91":0,"92":0,"93":0,"95":0,"97":1},"branchMap":{"0":{"type":"branch","line":6,"loc":{"start":{"line":6,"column":7},"end":{"line":23,"column":1}},"locations":[{"start":{"line":6,"column":7},"end":{"line":23,"column":1}}]},"1":{"type":"branch","line":12,"loc":{"start":{"line":12,"column":27},"end":{"line":19,"column":5}},"locations":[{"start":{"line":12,"column":27},"end":{"line":19,"column":5}}]},"2":{"type":"branch","line":29,"loc":{"start":{"line":29,"column":42},"end":{"line":35,"column":2}},"locations":[{"start":{"line":29,"column":42},"end":{"line":35,"column":2}}]},"3":{"type":"branch","line":32,"loc":{"start":{"line":32,"column":31},"end":{"line":32,"column":64}},"locations":[{"start":{"line":32,"column":31},"end":{"line":32,"column":64}}]},"4":{"type":"branch","line":33,"loc":{"start":{"line":33,"column":13},"end":{"line":33,"column":23}},"locations":[{"start":{"line":33,"column":13},"end":{"line":33,"column":23}}]},"5":{"type":"branch","line":38,"loc":{"start":{"line":38,"column":7},"end":{"line":59,"column":1}},"locations":[{"start":{"line":38,"column":7},"end":{"line":59,"column":1}}]},"6":{"type":"branch","line":40,"loc":{"start":{"line":40,"column":15},"end":{"line":57,"column":3}},"locations":[{"start":{"line":40,"column":15},"end":{"line":57,"column":3}}]},"7":{"type":"branch","line":43,"loc":{"start":{"line":43,"column":31},"end":{"line":46,"column":5}},"locations":[{"start":{"line":43,"column":31},"end":{"line":46,"column":5}}]},"8":{"type":"branch","line":46,"loc":{"start":{"line":46,"column":4},"end":{"line":56,"column":6}},"locations":[{"start":{"line":46,"column":4},"end":{"line":56,"column":6}}]},"9":{"type":"branch","line":48,"loc":{"start":{"line":48,"column":21},"end":{"line":56,"column":5}},"locations":[{"start":{"line":48,"column":21},"end":{"line":56,"column":5}}]},"10":{"type":"branch","line":54,"loc":{"start":{"line":54,"column":39},"end":{"line":54,"column":55}},"locations":[{"start":{"line":54,"column":39},"end":{"line":54,"column":55}}]},"11":{"type":"branch","line":49,"loc":{"start":{"line":49,"column":30},"end":{"line":49,"column":49}},"locations":[{"start":{"line":49,"column":30},"end":{"line":49,"column":49}}]},"12":{"type":"branch","line":63,"loc":{"start":{"line":63,"column":7},"end":{"line":78,"column":1}},"locations":[{"start":{"line":63,"column":7},"end":{"line":78,"column":1}}]},"13":{"type":"branch","line":66,"loc":{"start":{"line":66,"column":17},"end":{"line":74,"column":13}},"locations":[{"start":{"line":66,"column":17},"end":{"line":74,"column":13}}]},"14":{"type":"branch","line":69,"loc":{"start":{"line":69,"column":58},"end":{"line":71,"column":36}},"locations":[{"start":{"line":69,"column":58},"end":{"line":71,"column":36}}]},"15":{"type":"branch","line":73,"loc":{"start":{"line":73,"column":34},"end":{"line":73,"column":70}},"locations":[{"start":{"line":73,"column":34},"end":{"line":73,"column":70}}]}},"b":{"0":[3],"1":[4],"2":[2],"3":[1],"4":[1],"5":[2],"6":[5],"7":[2],"8":[3],"9":[4],"10":[3],"11":[3],"12":[1],"13":[1],"14":[0],"15":[0]},"fnMap":{"0":{"name":"parseFrontmatter","decl":{"start":{"line":6,"column":7},"end":{"line":23,"column":1}},"loc":{"start":{"line":6,"column":7},"end":{"line":23,"column":1}},"line":6},"1":{"name":"buildTree","decl":{"start":{"line":38,"column":7},"end":{"line":59,"column":1}},"loc":{"start":{"line":38,"column":7},"end":{"line":59,"column":1}},"line":38},"2":{"name":"Menu","decl":{"start":{"line":63,"column":7},"end":{"line":78,"column":1}},"loc":{"start":{"line":63,"column":7},"end":{"line":78,"column":1}},"line":63},"3":{"name":"App","decl":{"start":{"line":80,"column":0},"end":{"line":96,"column":1}},"loc":{"start":{"line":80,"column":0},"end":{"line":96,"column":1}},"line":80}},"f":{"0":3,"1":2,"2":1,"3":0}}
}
